Using pre-set license
Built from '2020.3/staging' branch; Version is '2020.3.14f1 (d0d1bb862f9d) revision 13685179'; Using compiler version '192528614'; Build Type 'Release'
OS: 'Windows 10 Education; OS build 19042.1237; Version 2009; 64bit' Language: 'en' Physical Memory: 16180 MB
BatchMode: 1, IsHumanControllingUs: 0, StartBugReporterOnCrash: 0, Is64bit: 1, IsPro: 0

 COMMAND LINE ARGUMENTS:
C:\Program Files\Unity\Editor\Unity.exe
-adb2
-batchMode
-noUpm
-name
AssetImportWorker0
-projectPath
C:/Users/w0441119/Documents/Unity/Level Design Review
-logFile
Logs/AssetImportWorker0.log
-srvPort
50934
Successfully changed project path to: C:/Users/w0441119/Documents/Unity/Level Design Review
C:/Users/w0441119/Documents/Unity/Level Design Review
Using Asset Import Pipeline V2.
Refreshing native plugins compatible for Editor in 25.92 ms, found 2 plugins.
Preloading 0 native plugins for Editor in 0.00 ms.
Initialize engine version: 2020.3.14f1 (d0d1bb862f9d)
[Subsystems] Discovering subsystems at path C:/Program Files/Unity/Editor/Data/Resources/UnitySubsystems
[Subsystems] Discovering subsystems at path C:/Users/w0441119/Documents/Unity/Level Design Review/Assets
GfxDevice: creating device client; threaded=0
Direct3D:
    Version:  Direct3D 11.0 [level 11.0]
    Renderer: NVIDIA Quadro K2200 (ID=0x13ba)
    Vendor:   
    VRAM:     4053 MB
    Driver:   27.21.14.6192
Initialize mono
Mono path[0] = 'C:/Program Files/Unity/Editor/Data/Managed'
Mono path[1] = 'C:/Program Files/Unity/Editor/Data/MonoBleedingEdge/lib/mono/unityjit'
Mono config path = 'C:/Program Files/Unity/Editor/Data/MonoBleedingEdge/etc'
Using monoOptions --debugger-agent=transport=dt_socket,embedding=1,server=y,suspend=n,address=127.0.0.1:56936
Begin MonoManager ReloadAssembly
Registering precompiled unity dll's ...
Register platform support module: C:/Program Files/Unity/Editor/Data/PlaybackEngines/WindowsStandaloneSupport/UnityEditor.WindowsStandalone.Extensions.dll
Registered in 0.001560 seconds.
Native extension for WindowsStandalone target not found
Refreshing native plugins compatible for Editor in 24.41 ms, found 2 plugins.
Preloading 0 native plugins for Editor in 0.00 ms.
Mono: successfully reloaded assembly
- Completed reload, in  0.952 seconds
Domain Reload Profiling:
	ReloadAssembly (952ms)
		BeginReloadAssembly (48ms)
			ExecutionOrderSort (0ms)
			DisableScriptedObjects (0ms)
			BackupInstance (0ms)
			ReleaseScriptingObjects (0ms)
			CreateAndSetChildDomain (1ms)
		EndReloadAssembly (387ms)
			LoadAssemblies (47ms)
			RebuildTransferFunctionScriptingTraits (0ms)
			SetupTypeCache (145ms)
			ReleaseScriptCaches (0ms)
			RebuildScriptCaches (29ms)
			SetupLoadedEditorAssemblies (146ms)
				LogAssemblyErrors (0ms)
				InitializePlatformSupportModulesInManaged (4ms)
				SetLoadedEditorAssemblies (0ms)
				RefreshPlugins (24ms)
				BeforeProcessingInitializeOnLoad (14ms)
				ProcessInitializeOnLoadAttributes (77ms)
				ProcessInitializeOnLoadMethodAttributes (27ms)
				AfterProcessingInitializeOnLoad (0ms)
				EditorAssembliesLoaded (0ms)
			ExecutionOrderSort2 (0ms)
			AwakeInstancesAfterBackupRestoration (0ms)
Platform modules already initialized, skipping
Registering precompiled user dll's ...
Registered in 0.003724 seconds.
Begin MonoManager ReloadAssembly
Native extension for WindowsStandalone target not found
Refreshing native plugins compatible for Editor in 0.28 ms, found 2 plugins.
Preloading 0 native plugins for Editor in 0.00 ms.
Mono: successfully reloaded assembly
- Completed reload, in  0.938 seconds
Domain Reload Profiling:
	ReloadAssembly (939ms)
		BeginReloadAssembly (132ms)
			ExecutionOrderSort (0ms)
			DisableScriptedObjects (4ms)
			BackupInstance (0ms)
			ReleaseScriptingObjects (0ms)
			CreateAndSetChildDomain (16ms)
		EndReloadAssembly (752ms)
			LoadAssemblies (75ms)
			RebuildTransferFunctionScriptingTraits (0ms)
			SetupTypeCache (254ms)
			ReleaseScriptCaches (0ms)
			RebuildScriptCaches (40ms)
			SetupLoadedEditorAssemblies (288ms)
				LogAssemblyErrors (0ms)
				InitializePlatformSupportModulesInManaged (4ms)
				SetLoadedEditorAssemblies (0ms)
				RefreshPlugins (0ms)
				BeforeProcessingInitializeOnLoad (81ms)
				ProcessInitializeOnLoadAttributes (193ms)
				ProcessInitializeOnLoadMethodAttributes (4ms)
				AfterProcessingInitializeOnLoad (5ms)
				EditorAssembliesLoaded (0ms)
			ExecutionOrderSort2 (0ms)
			AwakeInstancesAfterBackupRestoration (6ms)
Platform modules already initialized, skipping
========================================================================
Worker process is ready to serve import requests
Launched and connected shader compiler UnityShaderCompiler.exe after 0.04 seconds
Refreshing native plugins compatible for Editor in 0.29 ms, found 2 plugins.
Preloading 0 native plugins for Editor in 0.00 ms.
Unloading 1390 Unused Serialized files (Serialized files now loaded: 0)
System memory in use before: 64.8 MB.
System memory in use after: 64.8 MB.

Unloading 19 unused Assets to reduce memory usage. Loaded Objects now: 1823.
Total: 1.980500 ms (FindLiveObjects: 0.115800 ms CreateObjectMapping: 0.034600 ms MarkObjects: 1.762400 ms  DeleteObjects: 0.066800 ms)

AssetImportParameters requested are different than current active one (requested -> active):
  custom:framework-win-MediaFoundation: 216162199b28c13a410421893ffa2e32 -> 
  custom:video-decoder-ogg-theora: a1e56fd34408186e4bbccfd4996cb3dc -> 
  custom:container-muxer-webm: aa71ff27fc2769a1b78a27578f13a17b -> 
  custom:container-demuxer-webm: 4f35f7cbe854078d1ac9338744f61a02 -> 
  custom:container-demuxer-ogg: 62fdf1f143b41e24485cea50d1cbac27 -> 
  custom:video-encoder-webm-vp8: eb34c28f22e8b96e1ab97ce403110664 -> 
  custom:video-decoder-webm-vp8: 9c59270c3fd7afecdb556c50c9e8de78 -> 
  custom:audio-decoder-ogg-vorbis: bf7c407c2cedff20999df2af8eb42d56 -> 
  custom:audio-encoder-webm-vorbis: bf7c407c2cedff20999df2af8eb42d56 -> 
========================================================================
Received Import Request.
  path: Assets
  artifactKey: Guid(00000000000000001000000000000000) Importer(815301076,1909f56bfc062723c751e8b465ee728b)
Start importing Assets using Guid(00000000000000001000000000000000) Importer(815301076,1909f56bfc062723c751e8b465ee728b)  -> (artifact id: '42d402b061de3733987d63b9cc3b64de') in 0.008495 seconds 
  Import took 0.010473 seconds .

========================================================================
Received Import Request.
  Time since last request: 47.626860 seconds.
  path: Assets/68747470733a2f2f692e696d6775722e636f6d2f316b456c4a696c2e706e67.png
  artifactKey: Guid(c72c41364f480264eb191cadb7128fcf) Importer(815301076,1909f56bfc062723c751e8b465ee728b)
Start importing Assets/68747470733a2f2f692e696d6775722e636f6d2f316b456c4a696c2e706e67.png using Guid(c72c41364f480264eb191cadb7128fcf) Importer(815301076,1909f56bfc062723c751e8b465ee728b)  -> (artifact id: 'db6a81af57ae712053430cb35d573044') in 0.063413 seconds 
  Import took 0.065736 seconds .

========================================================================
Received Import Request.
  Time since last request: 34.824901 seconds.
  path: Assets/Materials
  artifactKey: Guid(a0d0214b37b49654bafce6642efc8ac4) Importer(815301076,1909f56bfc062723c751e8b465ee728b)
Start importing Assets/Materials using Guid(a0d0214b37b49654bafce6642efc8ac4) Importer(815301076,1909f56bfc062723c751e8b465ee728b)  -> (artifact id: '7c393e1290e458a0abc392b5750dc0ad') in 0.007838 seconds 
  Import took 0.010325 seconds .

========================================================================
Received Import Request.
  Time since last request: 0.000304 seconds.
  path: Assets/Materials
  artifactKey: Guid(a0d0214b37b49654bafce6642efc8ac4) Importer(815301076,1909f56bfc062723c751e8b465ee728b)
Start importing Assets/Materials using Guid(a0d0214b37b49654bafce6642efc8ac4) Importer(815301076,1909f56bfc062723c751e8b465ee728b)  -> (artifact id: '7c393e1290e458a0abc392b5750dc0ad') in 0.003754 seconds 
  Import took 0.005976 seconds .

========================================================================
Received Import Request.
  Time since last request: 0.968394 seconds.
  path: Assets/Materials/68747470733a2f2f692e696d6775722e636f6d2f316b456c4a696c2e706e67.mat
  artifactKey: Guid(7cde445a6fd8e6f49bc7c3d2a4625169) Importer(815301076,1909f56bfc062723c751e8b465ee728b)
Start importing Assets/Materials/68747470733a2f2f692e696d6775722e636f6d2f316b456c4a696c2e706e67.mat using Guid(7cde445a6fd8e6f49bc7c3d2a4625169) Importer(815301076,1909f56bfc062723c751e8b465ee728b)  -> (artifact id: 'd2a92a3fe5a720d115d3ae21c1a535d0') in 0.064751 seconds 
  Import took 0.066954 seconds .

========================================================================
Received Import Request.
  Time since last request: 79.016146 seconds.
  path: Assets/NormalMap.png
  artifactKey: Guid(bda5c9496ea18a4499ba9c05bc2825ba) Importer(815301076,1909f56bfc062723c751e8b465ee728b)
Start importing Assets/NormalMap.png using Guid(bda5c9496ea18a4499ba9c05bc2825ba) Importer(815301076,1909f56bfc062723c751e8b465ee728b)  -> (artifact id: '05acd281be97a142702b98b9701eea42') in 0.014864 seconds 
  Import took 0.017234 seconds .

========================================================================
Received Import Request.
  Time since last request: 4.162407 seconds.
  path: Assets/Materials/NormalMap.mat
  artifactKey: Guid(eb8a7f436cf649442807f8ead18a419b) Importer(815301076,1909f56bfc062723c751e8b465ee728b)
Start importing Assets/Materials/NormalMap.mat using Guid(eb8a7f436cf649442807f8ead18a419b) Importer(815301076,1909f56bfc062723c751e8b465ee728b)  -> (artifact id: '0d045ee2669096a7a12dcb76bf08b1d5') in 0.013733 seconds 
  Import took 0.016163 seconds .

========================================================================
Received Import Request.
  Time since last request: 194.806758 seconds.
  path: Assets/download.png
  artifactKey: Guid(78518837f96a78643bd18306802988b7) Importer(815301076,1909f56bfc062723c751e8b465ee728b)
Start importing Assets/download.png using Guid(78518837f96a78643bd18306802988b7) Importer(815301076,1909f56bfc062723c751e8b465ee728b)  -> (artifact id: '70a4861f3ff3e8f314dccbff00806545') in 0.015143 seconds 
  Import took 0.018502 seconds .

========================================================================
Received Import Request.
  Time since last request: 0.001207 seconds.
  path: Assets/download.png
  artifactKey: Guid(78518837f96a78643bd18306802988b7) Importer(815301076,1909f56bfc062723c751e8b465ee728b)
Start importing Assets/download.png using Guid(78518837f96a78643bd18306802988b7) Importer(815301076,1909f56bfc062723c751e8b465ee728b)  -> (artifact id: '70a4861f3ff3e8f314dccbff00806545') in 0.012100 seconds 
  Import took 0.014642 seconds .

========================================================================
Received Import Request.
  Time since last request: 6.861638 seconds.
  path: Assets/wood-grain-texture.jpg
  artifactKey: Guid(f3ea50fd26ece254d95537534bf34eb0) Importer(815301076,1909f56bfc062723c751e8b465ee728b)
Start importing Assets/wood-grain-texture.jpg using Guid(f3ea50fd26ece254d95537534bf34eb0) Importer(815301076,1909f56bfc062723c751e8b465ee728b)  -> (artifact id: '1f4b98ac2319d00bc3c4a173d7b2f934') in 0.024283 seconds 
  Import took 0.027493 seconds .

========================================================================
Received Import Request.
  Time since last request: 6.639613 seconds.
  path: Assets/Materials/wood-grain-texture.mat
  artifactKey: Guid(e0aef2eec1a1cac46b0b84f14ff5ebc3) Importer(815301076,1909f56bfc062723c751e8b465ee728b)
Start importing Assets/Materials/wood-grain-texture.mat using Guid(e0aef2eec1a1cac46b0b84f14ff5ebc3) Importer(815301076,1909f56bfc062723c751e8b465ee728b)  -> (artifact id: 'd3407ab7c9163f43ec4792a6fe64914e') in 0.014129 seconds 
  Import took 0.018866 seconds .

========================================================================
Received Import Request.
  Time since last request: 268.644730 seconds.
  path: Assets/Tree.prefab
  artifactKey: Guid(f55cf3013e6a8474ba6f5eda2e60064d) Importer(815301076,1909f56bfc062723c751e8b465ee728b)
Start importing Assets/Tree.prefab using Guid(f55cf3013e6a8474ba6f5eda2e60064d) Importer(815301076,1909f56bfc062723c751e8b465ee728b)  -> (artifact id: '7aaddd40809997373dc09af5c3521902') in 0.180570 seconds 
  Import took 0.183850 seconds .

========================================================================
Received Import Request.
  Time since last request: 152.194994 seconds.
  path: Assets/Materials/68747470733a2f2f692e696d6775722e636f6d2f316b456c4a696c2e706e67.mat
  artifactKey: Guid(7cde445a6fd8e6f49bc7c3d2a4625169) Importer(815301076,1909f56bfc062723c751e8b465ee728b)
Start importing Assets/Materials/68747470733a2f2f692e696d6775722e636f6d2f316b456c4a696c2e706e67.mat using Guid(7cde445a6fd8e6f49bc7c3d2a4625169) Importer(815301076,1909f56bfc062723c751e8b465ee728b)  -> (artifact id: '2997cdfb3074402012a30e7b1c4de432') in 0.023769 seconds 
  Import took 0.026200 seconds .

========================================================================
Received Import Request.
  Time since last request: 0.000205 seconds.
  path: Assets/Materials/wood-grain-texture.mat
  artifactKey: Guid(e0aef2eec1a1cac46b0b84f14ff5ebc3) Importer(815301076,1909f56bfc062723c751e8b465ee728b)
Start importing Assets/Materials/wood-grain-texture.mat using Guid(e0aef2eec1a1cac46b0b84f14ff5ebc3) Importer(815301076,1909f56bfc062723c751e8b465ee728b)  -> (artifact id: '5e872ab60737043d112b63c0b66d796d') in 0.012908 seconds 
  Import took 0.016819 seconds .

AssetImportWorkerClient::OnTransportError - code=2 error=End of file
